Copyright 1986-2018 Xilinx, Inc. All Rights Reserved.
----------------------------------------------------------------------------------------
| Tool Version : Vivado v.2018.2 (win64) Build 2258646 Thu Jun 14 20:03:12 MDT 2018
| Date         : Wed Mar  6 16:40:30 2024
| Host         : LAPTOP-I8K18FJB running 64-bit major release  (build 9200)
| Command      : report_control_sets -verbose -file Top_Student_control_sets_placed.rpt
| Design       : Top_Student
| Device       : xc7a35t
----------------------------------------------------------------------------------------

Control Set Information

Table of Contents
-----------------
1. Summary
2. Histogram
3. Flip-Flop Distribution
4. Detailed Control Set Information

1. Summary
----------

+----------------------------------------------------------+-------+
|                          Status                          | Count |
+----------------------------------------------------------+-------+
| Number of unique control sets                            |    18 |
| Unused register locations in slices containing registers |    36 |
+----------------------------------------------------------+-------+


2. Histogram
------------

+--------+--------------+
| Fanout | Control Sets |
+--------+--------------+
|      2 |            1 |
|      6 |            1 |
|      8 |            1 |
|     14 |            1 |
|    16+ |           14 |
+--------+--------------+


3. Flip-Flop Distribution
-------------------------

+--------------+-----------------------+------------------------+-----------------+--------------+
| Clock Enable | Synchronous Set/Reset | Asynchronous Set/Reset | Total Registers | Total Slices |
+--------------+-----------------------+------------------------+-----------------+--------------+
| No           | No                    | No                     |             192 |           36 |
| No           | No                    | Yes                    |               0 |            0 |
| No           | Yes                   | No                     |             352 |           49 |
| Yes          | No                    | No                     |             156 |           22 |
| Yes          | No                    | Yes                    |               0 |            0 |
| Yes          | Yes                   | No                     |              72 |           10 |
+--------------+-----------------------+------------------------+-----------------+--------------+


4. Detailed Control Set Information
-----------------------------------

+---------------------------+---------------------------------------------------------------+---------------------------------------------------------------+------------------+----------------+
|        Clock Signal       |                         Enable Signal                         |                        Set/Reset Signal                       | Slice Load Count | Bel Load Count |
+---------------------------+---------------------------------------------------------------+---------------------------------------------------------------+------------------+----------------+
| ~clk625MHz_BUFG           |                                                               |                                                               |                1 |              2 |
|  clock2/oled_data_reg[10] |                                                               |                                                               |                2 |              6 |
|  basys_clock_IBUF_BUFG    | nolabel_line47/Inst_Ps2Interface/shift_frame                  | nolabel_line47/Inst_Ps2Interface/reset_bit_count              |                1 |              8 |
|  basys_clock_IBUF_BUFG    | nolabel_line47/Inst_Ps2Interface/delay_63clk_count[6]_i_2_n_0 | nolabel_line47/Inst_Ps2Interface/delay_63clk_count[6]_i_1_n_0 |                2 |             14 |
|  basys_clock_IBUF_BUFG    | nolabel_line47/Inst_Ps2Interface/load_rx_data                 |                                                               |                2 |             16 |
|  basys_clock_IBUF_BUFG    | nolabel_line47/write_data                                     |                                                               |                3 |             16 |
|  basys_clock_IBUF_BUFG    | nolabel_line47/Inst_Ps2Interface/frame[9]_i_1_n_0             |                                                               |                3 |             20 |
|  basys_clock_IBUF_BUFG    | nolabel_line47/Inst_Ps2Interface/delay_20us_count[10]_i_2_n_0 | nolabel_line47/Inst_Ps2Interface/delay_20us_count[10]_i_1_n_0 |                3 |             22 |
|  basys_clock_IBUF_BUFG    | nolabel_line47/Inst_Ps2Interface/delay_100us_count[0]_i_2_n_0 | nolabel_line47/Inst_Ps2Interface/clear                        |                4 |             28 |
| ~clk625MHz_BUFG           |                                                               | nolabel_line24/frame_counter[16]_i_1_n_0                      |                5 |             34 |
| ~clk625MHz_BUFG           | nolabel_line24/delay[0]_i_1_n_0                               |                                                               |                5 |             40 |
|  basys_clock_IBUF_BUFG    |                                                               | nolabel_line47/reset_timeout_cnt_reg_n_0                      |                6 |             48 |
|  basys_clock_IBUF_BUFG    |                                                               | nolabel_line47/reset_periodic_check_cnt__0                    |                6 |             52 |
| ~clk625MHz_BUFG           | nolabel_line24/state                                          |                                                               |                9 |             64 |
|  basys_clock_IBUF_BUFG    |                                                               | clock2/clear                                                  |                8 |             64 |
|  basys_clock_IBUF_BUFG    |                                                               | clock1/count[0]_i_1__0_n_0                                    |                8 |             64 |
| ~clk625MHz_BUFG           |                                                               | nolabel_line24/spi_word[39]_i_1_n_0                           |               16 |             90 |
|  basys_clock_IBUF_BUFG    |                                                               |                                                               |               33 |            184 |
+---------------------------+---------------------------------------------------------------+---------------------------------------------------------------+------------------+----------------+


